[debug] [2024-08-13T12:24:17.475Z] ----------------------------------------------------------------------
[debug] [2024-08-13T12:24:17.478Z] Command:       C:\Program Files\nodejs\node.exe C:\Users\Liron Mor\AppData\Roaming\npm\node_modules\firebase-tools\lib\bin\firebase.js init
[debug] [2024-08-13T12:24:17.479Z] CLI Version:   13.15.1
[debug] [2024-08-13T12:24:17.479Z] Platform:      win32
[debug] [2024-08-13T12:24:17.479Z] Node Version:  v20.9.0
[debug] [2024-08-13T12:24:17.479Z] Time:          Tue Aug 13 2024 15:24:17 GMT+0300 (Israel Daylight Time)
[debug] [2024-08-13T12:24:17.479Z] ----------------------------------------------------------------------
[debug] 
[debug] [2024-08-13T12:24:17.543Z] > command requires scopes: ["email","openid","https://www.googleapis.com/auth/cloudplatformprojects.readonly","https://www.googleapis.com/auth/firebase","https://www.googleapis.com/auth/cloud-platform"]
[debug] [2024-08-13T12:24:17.543Z] > authorizing via signed-in user (bakerd933008@gmail.com)
[info] 
     ######## #### ########  ######## ########     ###     ######  ########
     ##        ##  ##     ## ##       ##     ##  ##   ##  ##       ##
     ######    ##  ########  ######   ########  #########  ######  ######
     ##        ##  ##    ##  ##       ##     ## ##     ##       ## ##
     ##       #### ##     ## ######## ########  ##     ##  ######  ########

You're about to initialize a Firebase project in this directory:

  C:\Users\Liron Mor\front end project\front-end--dev-project

Before we get started, keep in mind:

  * You are initializing within an existing Firebase project directory

